\BOOKMARK [0][-]{chapter*.4}{\376\377\143\322\126\376\175\042\137\025}{}% 1
\BOOKMARK [0][-]{chapter*.5}{\376\377\210\150\150\074\175\042\137\025}{}% 2
\BOOKMARK [0][-]{chapter.1}{\376\377\173\054\116\000\172\340\000\040\000\040\176\352\213\272}{}% 3
\BOOKMARK [1][-]{section.1.1}{\376\377\0001\000.\0001\000\040\117\177\165\050\152\041\147\177}{chapter.1}% 4
\BOOKMARK [2][-]{subsection.1.1.1}{\376\377\0001\000.\0001\000.\0001\000\040\121\306\131\007\135\345\117\134}{section.1.1}% 5
\BOOKMARK [2][-]{subsection.1.1.2}{\376\377\0001\000.\0001\000.\0002\000\040\152\041\147\177\220\011\230\171}{section.1.1}% 6
\BOOKMARK [2][-]{subsection.1.1.3}{\376\377\0001\000.\0001\000.\0003\000\040\177\026\213\321\152\041\147\177}{section.1.1}% 7
\BOOKMARK [2][-]{subsection.1.1.4}{\376\377\0001\000.\0001\000.\0004\000\040\152\041\147\177\145\207\116\366\136\003\134\100}{section.1.1}% 8
\BOOKMARK [0][-]{chapter.2}{\376\377\173\054\116\214\172\340\000\040\000\040}{}% 9
\BOOKMARK [1][-]{section.2.1}{\376\377\0002\000.\0001\000\040\145\160\133\146\143\222\162\110}{chapter.2}% 10
\BOOKMARK [2][-]{subsection.2.1.1}{\376\377\0002\000.\0001\000.\0001\000\040\121\154\137\017\143\222\162\110}{section.2.1}% 11
\BOOKMARK [2][-]{subsection.2.1.2}{\376\377\0002\000.\0001\000.\0002\000\040\133\232\164\006\163\257\130\203}{section.2.1}% 12
\BOOKMARK [1][-]{section.2.2}{\376\377\0002\000.\0002\000\040\124\021\145\207\150\143\116\055\143\322\121\145\126\376\120\317}{chapter.2}% 13
\BOOKMARK [2][-]{subsection.2.2.1}{\376\377\0002\000.\0002\000.\0001\000\040\145\057\143\001\166\204\126\376\162\107\150\074\137\017}{section.2.2}% 14
\BOOKMARK [2][-]{subsection.2.2.2}{\376\377\0002\000.\0002\000.\0002\000\040\225\177\150\007\230\230\166\204\143\142\210\114}{section.2.2}% 15
\BOOKMARK [1][-]{section.2.3}{\376\377\0002\000.\0003\000\040\210\150\150\074}{chapter.2}% 16
\BOOKMARK [1][-]{section.2.4}{\376\377\0002\000.\0004\000\040\123\302\200\003\145\207\163\056\173\241\164\006}{chapter.2}% 17
\BOOKMARK [1][-]{section.2.5}{\376\377\0002\000.\0005\000\040\165\050\000l\000i\000s\000t\000i\000n\000g\000s\143\322\121\145\156\220\116\343\170\001}{chapter.2}% 18
\BOOKMARK [1][-]{section.2.6}{\376\377\0002\000.\0006\000\040\165\050\000a\000l\000g\000o\000r\000i\000t\000h\000m\124\214\000a\000l\000g\000o\000r\000i\000t\000h\000m\000i\000c\133\217\123\005\143\322\121\145\173\227\154\325\143\317\217\360}{chapter.2}% 19
\BOOKMARK [0][-]{chapter.3}{\376\377\173\054\116\011\172\340\000\040\000\040\136\070\211\301\225\356\230\230}{}% 20
\BOOKMARK [0][-]{chapter.4}{\376\377\173\054\126\333\172\340\000\040\000\040\136\070\211\301\225\356\230\230}{}% 21
\BOOKMARK [0][-]{chapter.5}{\376\377\173\054\116\224\172\340\000\040\000\040\136\070\211\301\225\356\230\230}{}% 22
\BOOKMARK [0][-]{chapter*.6}{\376\377\121\150\145\207\140\073\176\323}{}% 23
\BOOKMARK [0][-]{appendix.A}{\376\377\226\104\137\125\000\040\000A\000\040\000\040\144\055\136\372\152\041\147\177\177\026\213\321\163\257\130\203}{}% 24
\BOOKMARK [1][-]{section.A.1}{\376\377\000A\000.\0001\000\040\133\211\210\305\000T\000e\000X\123\321\210\114\162\110}{appendix.A}% 25
\BOOKMARK [2][-]{subsection.A.1.1}{\376\377\000A\000.\0001\000.\0001\000\040\000M\000a\000c\000\040\000O\000S\000\040\000X}{section.A.1}% 26
\BOOKMARK [2][-]{subsection.A.1.2}{\376\377\000A\000.\0001\000.\0002\000\040\000R\000e\000d\000H\000a\000t\000/\000C\000e\000n\000t\000O\000S}{section.A.1}% 27
\BOOKMARK [2][-]{subsection.A.1.3}{\376\377\000A\000.\0001\000.\0003\000\040\000D\000e\000e\000p\000i\000n}{section.A.1}% 28
\BOOKMARK [1][-]{section.A.2}{\376\377\000A\000.\0002\000\040\133\211\210\305\116\055\145\207\133\127\117\123}{appendix.A}% 29
\BOOKMARK [2][-]{subsection.A.2.1}{\376\377\000A\000.\0002\000.\0001\000\040\000M\000a\000c\000\040\000O\000S\000\040\000X\060\001\000D\000e\000e\000p\000i\000n}{section.A.2}% 30
\BOOKMARK [2][-]{subsection.A.2.2}{\376\377\000A\000.\0002\000.\0002\000\040\000R\000e\000d\000H\000a\000t\000/\000C\000e\000n\000t\000O\000S\165\050\142\067}{section.A.2}% 31
\BOOKMARK [0][-]{appendix.B}{\376\377\226\104\137\125\000\040\000B\000\040\000\040\000M\000a\000x\000w\000e\000l\000l\000\040\000E\000q\000u\000a\000t\000i\000o\000n\000s}{}% 32
\BOOKMARK [0][-]{appendix.C}{\376\377\226\104\137\125\000\040\000C\000\040\000\040\116\316\000\040\000C\000J\000K\040\023\000L\000a\000T\000e\000X\217\154\124\021\000\040\000X\0000\000.\0005\000e\000x\0000\000.\0005\000e\000x\000"\0000\0001\0008\000E\0000\000.\0005\000e\000x\000T\000e\000X}{}% 33
\BOOKMARK [0][-]{appendix.D}{\376\377\226\104\137\125\000\040\000D\000\040\000\040\152\041\147\177\146\364\145\260\213\260\137\125}{}% 34
